22:24:59,612 (main) WARN  [DataNucleus.Datastore] - SQL Warning : 'BINARY as attribute of a type' is deprecated and will be removed in a future release. Please use a CHARACTER SET clause with _bin collation instead
22:24:59,612 (main) WARN  [DataNucleus.Datastore] - SQL Warning : 'BINARY as attribute of a type' is deprecated and will be removed in a future release. Please use a CHARACTER SET clause with _bin collation instead
22:24:59,612 (main) WARN  [DataNucleus.Datastore] - SQL Warning : 'BINARY as attribute of a type' is deprecated and will be removed in a future release. Please use a CHARACTER SET clause with _bin collation instead
22:24:59,639 (main) WARN  [DataNucleus.Datastore] - SQL Warning : 'BINARY as attribute of a type' is deprecated and will be removed in a future release. Please use a CHARACTER SET clause with _bin collation instead
22:24:59,639 (main) WARN  [DataNucleus.Datastore] - SQL Warning : 'BINARY as attribute of a type' is deprecated and will be removed in a future release. Please use a CHARACTER SET clause with _bin collation instead
22:24:59,639 (main) WARN  [DataNucleus.Datastore] - SQL Warning : 'BINARY as attribute of a type' is deprecated and will be removed in a future release. Please use a CHARACTER SET clause with _bin collation instead
22:24:59,663 (main) WARN  [DataNucleus.Datastore] - SQL Warning : 'BINARY as attribute of a type' is deprecated and will be removed in a future release. Please use a CHARACTER SET clause with _bin collation instead
22:24:59,663 (main) WARN  [DataNucleus.Datastore] - SQL Warning : 'BINARY as attribute of a type' is deprecated and will be removed in a future release. Please use a CHARACTER SET clause with _bin collation instead
22:24:59,663 (main) WARN  [DataNucleus.Datastore] - SQL Warning : 'BINARY as attribute of a type' is deprecated and will be removed in a future release. Please use a CHARACTER SET clause with _bin collation instead
22:24:59,687 (main) WARN  [DataNucleus.Datastore] - SQL Warning : 'BINARY as attribute of a type' is deprecated and will be removed in a future release. Please use a CHARACTER SET clause with _bin collation instead
22:25:00,358 (main) WARN  [DataNucleus.MetaData] - Error en el analizo del archivo "file:/C:/Users/Maria/Desktop/Strava/Software_strava/Strava_Server_v1/resources/META-INF/persistence.xml" a la linea 5, columna 23 : cvc-elt.1.a: No se ha encontrado la declaración del elemento 'persistence'. - Por favor compruebe el DTD y la validad de este MetaData.
22:33:20,887 (main) WARN  [DataNucleus.Datastore] - SQL Warning : 'BINARY as attribute of a type' is deprecated and will be removed in a future release. Please use a CHARACTER SET clause with _bin collation instead
22:33:20,887 (main) WARN  [DataNucleus.Datastore] - SQL Warning : 'BINARY as attribute of a type' is deprecated and will be removed in a future release. Please use a CHARACTER SET clause with _bin collation instead
22:33:20,887 (main) WARN  [DataNucleus.Datastore] - SQL Warning : 'BINARY as attribute of a type' is deprecated and will be removed in a future release. Please use a CHARACTER SET clause with _bin collation instead
22:33:20,916 (main) WARN  [DataNucleus.Datastore] - SQL Warning : 'BINARY as attribute of a type' is deprecated and will be removed in a future release. Please use a CHARACTER SET clause with _bin collation instead
22:33:20,916 (main) WARN  [DataNucleus.Datastore] - SQL Warning : 'BINARY as attribute of a type' is deprecated and will be removed in a future release. Please use a CHARACTER SET clause with _bin collation instead
22:33:20,916 (main) WARN  [DataNucleus.Datastore] - SQL Warning : 'BINARY as attribute of a type' is deprecated and will be removed in a future release. Please use a CHARACTER SET clause with _bin collation instead
22:33:20,940 (main) WARN  [DataNucleus.Datastore] - SQL Warning : 'BINARY as attribute of a type' is deprecated and will be removed in a future release. Please use a CHARACTER SET clause with _bin collation instead
22:33:20,940 (main) WARN  [DataNucleus.Datastore] - SQL Warning : 'BINARY as attribute of a type' is deprecated and will be removed in a future release. Please use a CHARACTER SET clause with _bin collation instead
22:33:20,940 (main) WARN  [DataNucleus.Datastore] - SQL Warning : 'BINARY as attribute of a type' is deprecated and will be removed in a future release. Please use a CHARACTER SET clause with _bin collation instead
22:33:20,963 (main) WARN  [DataNucleus.Datastore] - SQL Warning : 'BINARY as attribute of a type' is deprecated and will be removed in a future release. Please use a CHARACTER SET clause with _bin collation instead
22:33:21,721 (main) WARN  [DataNucleus.MetaData] - Error en el analizo del archivo "file:/C:/Users/Maria/Desktop/Strava/Software_strava/Strava_Server_v1/resources/META-INF/persistence.xml" a la linea 5, columna 23 : cvc-elt.1.a: No se ha encontrado la declaración del elemento 'persistence'. - Por favor compruebe el DTD y la validad de este MetaData.
22:38:40,584 (main) WARN  [DataNucleus.Datastore] - SQL Warning : 'BINARY as attribute of a type' is deprecated and will be removed in a future release. Please use a CHARACTER SET clause with _bin collation instead
22:38:40,584 (main) WARN  [DataNucleus.Datastore] - SQL Warning : 'BINARY as attribute of a type' is deprecated and will be removed in a future release. Please use a CHARACTER SET clause with _bin collation instead
22:38:40,584 (main) WARN  [DataNucleus.Datastore] - SQL Warning : 'BINARY as attribute of a type' is deprecated and will be removed in a future release. Please use a CHARACTER SET clause with _bin collation instead
22:38:40,614 (main) WARN  [DataNucleus.Datastore] - SQL Warning : 'BINARY as attribute of a type' is deprecated and will be removed in a future release. Please use a CHARACTER SET clause with _bin collation instead
22:38:40,616 (main) WARN  [DataNucleus.Datastore] - SQL Warning : 'BINARY as attribute of a type' is deprecated and will be removed in a future release. Please use a CHARACTER SET clause with _bin collation instead
22:38:40,616 (main) WARN  [DataNucleus.Datastore] - SQL Warning : 'BINARY as attribute of a type' is deprecated and will be removed in a future release. Please use a CHARACTER SET clause with _bin collation instead
22:38:40,638 (main) WARN  [DataNucleus.Datastore] - SQL Warning : 'BINARY as attribute of a type' is deprecated and will be removed in a future release. Please use a CHARACTER SET clause with _bin collation instead
22:38:40,638 (main) WARN  [DataNucleus.Datastore] - SQL Warning : 'BINARY as attribute of a type' is deprecated and will be removed in a future release. Please use a CHARACTER SET clause with _bin collation instead
22:38:40,638 (main) WARN  [DataNucleus.Datastore] - SQL Warning : 'BINARY as attribute of a type' is deprecated and will be removed in a future release. Please use a CHARACTER SET clause with _bin collation instead
22:38:40,662 (main) WARN  [DataNucleus.Datastore] - SQL Warning : 'BINARY as attribute of a type' is deprecated and will be removed in a future release. Please use a CHARACTER SET clause with _bin collation instead
22:38:41,333 (main) WARN  [DataNucleus.MetaData] - Error en el analizo del archivo "file:/C:/Users/Maria/Desktop/Strava/Software_strava/Strava_Server_v1/resources/META-INF/persistence.xml" a la linea 5, columna 23 : cvc-elt.1.a: No se ha encontrado la declaración del elemento 'persistence'. - Por favor compruebe el DTD y la validad de este MetaData.
22:39:42,079 (main) WARN  [DataNucleus.Datastore] - SQL Warning : 'BINARY as attribute of a type' is deprecated and will be removed in a future release. Please use a CHARACTER SET clause with _bin collation instead
22:39:42,079 (main) WARN  [DataNucleus.Datastore] - SQL Warning : 'BINARY as attribute of a type' is deprecated and will be removed in a future release. Please use a CHARACTER SET clause with _bin collation instead
22:39:42,079 (main) WARN  [DataNucleus.Datastore] - SQL Warning : 'BINARY as attribute of a type' is deprecated and will be removed in a future release. Please use a CHARACTER SET clause with _bin collation instead
22:39:42,108 (main) WARN  [DataNucleus.Datastore] - SQL Warning : 'BINARY as attribute of a type' is deprecated and will be removed in a future release. Please use a CHARACTER SET clause with _bin collation instead
22:39:42,109 (main) WARN  [DataNucleus.Datastore] - SQL Warning : 'BINARY as attribute of a type' is deprecated and will be removed in a future release. Please use a CHARACTER SET clause with _bin collation instead
22:39:42,109 (main) WARN  [DataNucleus.Datastore] - SQL Warning : 'BINARY as attribute of a type' is deprecated and will be removed in a future release. Please use a CHARACTER SET clause with _bin collation instead
22:39:42,133 (main) WARN  [DataNucleus.Datastore] - SQL Warning : 'BINARY as attribute of a type' is deprecated and will be removed in a future release. Please use a CHARACTER SET clause with _bin collation instead
22:39:42,133 (main) WARN  [DataNucleus.Datastore] - SQL Warning : 'BINARY as attribute of a type' is deprecated and will be removed in a future release. Please use a CHARACTER SET clause with _bin collation instead
22:39:42,133 (main) WARN  [DataNucleus.Datastore] - SQL Warning : 'BINARY as attribute of a type' is deprecated and will be removed in a future release. Please use a CHARACTER SET clause with _bin collation instead
22:39:42,158 (main) WARN  [DataNucleus.Datastore] - SQL Warning : 'BINARY as attribute of a type' is deprecated and will be removed in a future release. Please use a CHARACTER SET clause with _bin collation instead
22:39:42,857 (main) WARN  [DataNucleus.MetaData] - Error en el analizo del archivo "file:/C:/Users/Maria/Desktop/Strava/Software_strava/Strava_Server_v1/resources/META-INF/persistence.xml" a la linea 5, columna 23 : cvc-elt.1.a: No se ha encontrado la declaración del elemento 'persistence'. - Por favor compruebe el DTD y la validad de este MetaData.
22:42:36,234 (main) WARN  [DataNucleus.Datastore] - SQL Warning : 'BINARY as attribute of a type' is deprecated and will be removed in a future release. Please use a CHARACTER SET clause with _bin collation instead
22:42:36,235 (main) WARN  [DataNucleus.Datastore] - SQL Warning : 'BINARY as attribute of a type' is deprecated and will be removed in a future release. Please use a CHARACTER SET clause with _bin collation instead
22:42:36,235 (main) WARN  [DataNucleus.Datastore] - SQL Warning : 'BINARY as attribute of a type' is deprecated and will be removed in a future release. Please use a CHARACTER SET clause with _bin collation instead
22:42:36,260 (main) WARN  [DataNucleus.Datastore] - SQL Warning : 'BINARY as attribute of a type' is deprecated and will be removed in a future release. Please use a CHARACTER SET clause with _bin collation instead
22:42:36,260 (main) WARN  [DataNucleus.Datastore] - SQL Warning : 'BINARY as attribute of a type' is deprecated and will be removed in a future release. Please use a CHARACTER SET clause with _bin collation instead
22:42:36,260 (main) WARN  [DataNucleus.Datastore] - SQL Warning : 'BINARY as attribute of a type' is deprecated and will be removed in a future release. Please use a CHARACTER SET clause with _bin collation instead
22:42:36,284 (main) WARN  [DataNucleus.Datastore] - SQL Warning : 'BINARY as attribute of a type' is deprecated and will be removed in a future release. Please use a CHARACTER SET clause with _bin collation instead
22:42:36,284 (main) WARN  [DataNucleus.Datastore] - SQL Warning : 'BINARY as attribute of a type' is deprecated and will be removed in a future release. Please use a CHARACTER SET clause with _bin collation instead
22:42:36,284 (main) WARN  [DataNucleus.Datastore] - SQL Warning : 'BINARY as attribute of a type' is deprecated and will be removed in a future release. Please use a CHARACTER SET clause with _bin collation instead
22:42:36,308 (main) WARN  [DataNucleus.Datastore] - SQL Warning : 'BINARY as attribute of a type' is deprecated and will be removed in a future release. Please use a CHARACTER SET clause with _bin collation instead
22:42:36,974 (main) WARN  [DataNucleus.MetaData] - Error en el analizo del archivo "file:/C:/Users/Maria/Desktop/Strava/Software_strava/Strava_Server_v1/resources/META-INF/persistence.xml" a la linea 5, columna 23 : cvc-elt.1.a: No se ha encontrado la declaración del elemento 'persistence'. - Por favor compruebe el DTD y la validad de este MetaData.
22:43:30,892 (main) WARN  [DataNucleus.Datastore] - SQL Warning : 'BINARY as attribute of a type' is deprecated and will be removed in a future release. Please use a CHARACTER SET clause with _bin collation instead
22:43:30,892 (main) WARN  [DataNucleus.Datastore] - SQL Warning : 'BINARY as attribute of a type' is deprecated and will be removed in a future release. Please use a CHARACTER SET clause with _bin collation instead
22:43:30,892 (main) WARN  [DataNucleus.Datastore] - SQL Warning : 'BINARY as attribute of a type' is deprecated and will be removed in a future release. Please use a CHARACTER SET clause with _bin collation instead
22:43:30,923 (main) WARN  [DataNucleus.Datastore] - SQL Warning : 'BINARY as attribute of a type' is deprecated and will be removed in a future release. Please use a CHARACTER SET clause with _bin collation instead
22:43:30,924 (main) WARN  [DataNucleus.Datastore] - SQL Warning : 'BINARY as attribute of a type' is deprecated and will be removed in a future release. Please use a CHARACTER SET clause with _bin collation instead
22:43:30,924 (main) WARN  [DataNucleus.Datastore] - SQL Warning : 'BINARY as attribute of a type' is deprecated and will be removed in a future release. Please use a CHARACTER SET clause with _bin collation instead
22:43:30,948 (main) WARN  [DataNucleus.Datastore] - SQL Warning : 'BINARY as attribute of a type' is deprecated and will be removed in a future release. Please use a CHARACTER SET clause with _bin collation instead
22:43:30,948 (main) WARN  [DataNucleus.Datastore] - SQL Warning : 'BINARY as attribute of a type' is deprecated and will be removed in a future release. Please use a CHARACTER SET clause with _bin collation instead
22:43:30,948 (main) WARN  [DataNucleus.Datastore] - SQL Warning : 'BINARY as attribute of a type' is deprecated and will be removed in a future release. Please use a CHARACTER SET clause with _bin collation instead
22:43:30,981 (main) WARN  [DataNucleus.Datastore] - SQL Warning : 'BINARY as attribute of a type' is deprecated and will be removed in a future release. Please use a CHARACTER SET clause with _bin collation instead
22:43:31,650 (main) WARN  [DataNucleus.MetaData] - Error en el analizo del archivo "file:/C:/Users/Maria/Desktop/Strava/Software_strava/Strava_Server_v1/resources/META-INF/persistence.xml" a la linea 5, columna 23 : cvc-elt.1.a: No se ha encontrado la declaración del elemento 'persistence'. - Por favor compruebe el DTD y la validad de este MetaData.
22:48:47,235 (main) WARN  [DataNucleus.Datastore] - SQL Warning : 'BINARY as attribute of a type' is deprecated and will be removed in a future release. Please use a CHARACTER SET clause with _bin collation instead
22:48:47,236 (main) WARN  [DataNucleus.Datastore] - SQL Warning : 'BINARY as attribute of a type' is deprecated and will be removed in a future release. Please use a CHARACTER SET clause with _bin collation instead
22:48:47,236 (main) WARN  [DataNucleus.Datastore] - SQL Warning : 'BINARY as attribute of a type' is deprecated and will be removed in a future release. Please use a CHARACTER SET clause with _bin collation instead
22:48:47,270 (main) WARN  [DataNucleus.Datastore] - SQL Warning : 'BINARY as attribute of a type' is deprecated and will be removed in a future release. Please use a CHARACTER SET clause with _bin collation instead
22:48:47,271 (main) WARN  [DataNucleus.Datastore] - SQL Warning : 'BINARY as attribute of a type' is deprecated and will be removed in a future release. Please use a CHARACTER SET clause with _bin collation instead
22:48:47,271 (main) WARN  [DataNucleus.Datastore] - SQL Warning : 'BINARY as attribute of a type' is deprecated and will be removed in a future release. Please use a CHARACTER SET clause with _bin collation instead
22:48:47,300 (main) WARN  [DataNucleus.Datastore] - SQL Warning : 'BINARY as attribute of a type' is deprecated and will be removed in a future release. Please use a CHARACTER SET clause with _bin collation instead
22:48:47,300 (main) WARN  [DataNucleus.Datastore] - SQL Warning : 'BINARY as attribute of a type' is deprecated and will be removed in a future release. Please use a CHARACTER SET clause with _bin collation instead
22:48:47,300 (main) WARN  [DataNucleus.Datastore] - SQL Warning : 'BINARY as attribute of a type' is deprecated and will be removed in a future release. Please use a CHARACTER SET clause with _bin collation instead
22:48:47,323 (main) WARN  [DataNucleus.Datastore] - SQL Warning : 'BINARY as attribute of a type' is deprecated and will be removed in a future release. Please use a CHARACTER SET clause with _bin collation instead
22:48:47,973 (main) WARN  [DataNucleus.MetaData] - Error en el analizo del archivo "file:/C:/Users/Maria/Desktop/Strava/Software_strava/Strava_Server_v1/resources/META-INF/persistence.xml" a la linea 5, columna 23 : cvc-elt.1.a: No se ha encontrado la declaración del elemento 'persistence'. - Por favor compruebe el DTD y la validad de este MetaData.
22:53:44,095 (main) WARN  [DataNucleus.Datastore] - SQL Warning : 'BINARY as attribute of a type' is deprecated and will be removed in a future release. Please use a CHARACTER SET clause with _bin collation instead
22:53:44,095 (main) WARN  [DataNucleus.Datastore] - SQL Warning : 'BINARY as attribute of a type' is deprecated and will be removed in a future release. Please use a CHARACTER SET clause with _bin collation instead
22:53:44,095 (main) WARN  [DataNucleus.Datastore] - SQL Warning : 'BINARY as attribute of a type' is deprecated and will be removed in a future release. Please use a CHARACTER SET clause with _bin collation instead
22:53:44,126 (main) WARN  [DataNucleus.Datastore] - SQL Warning : 'BINARY as attribute of a type' is deprecated and will be removed in a future release. Please use a CHARACTER SET clause with _bin collation instead
22:53:44,126 (main) WARN  [DataNucleus.Datastore] - SQL Warning : 'BINARY as attribute of a type' is deprecated and will be removed in a future release. Please use a CHARACTER SET clause with _bin collation instead
22:53:44,126 (main) WARN  [DataNucleus.Datastore] - SQL Warning : 'BINARY as attribute of a type' is deprecated and will be removed in a future release. Please use a CHARACTER SET clause with _bin collation instead
22:53:44,150 (main) WARN  [DataNucleus.Datastore] - SQL Warning : 'BINARY as attribute of a type' is deprecated and will be removed in a future release. Please use a CHARACTER SET clause with _bin collation instead
22:53:44,150 (main) WARN  [DataNucleus.Datastore] - SQL Warning : 'BINARY as attribute of a type' is deprecated and will be removed in a future release. Please use a CHARACTER SET clause with _bin collation instead
22:53:44,150 (main) WARN  [DataNucleus.Datastore] - SQL Warning : 'BINARY as attribute of a type' is deprecated and will be removed in a future release. Please use a CHARACTER SET clause with _bin collation instead
22:53:44,176 (main) WARN  [DataNucleus.Datastore] - SQL Warning : 'BINARY as attribute of a type' is deprecated and will be removed in a future release. Please use a CHARACTER SET clause with _bin collation instead
22:53:44,843 (main) WARN  [DataNucleus.MetaData] - Error en el analizo del archivo "file:/C:/Users/Maria/Desktop/Strava/Software_strava/Strava_Server_v1/resources/META-INF/persistence.xml" a la linea 5, columna 23 : cvc-elt.1.a: No se ha encontrado la declaración del elemento 'persistence'. - Por favor compruebe el DTD y la validad de este MetaData.
22:54:42,786 (main) WARN  [DataNucleus.Datastore] - SQL Warning : 'BINARY as attribute of a type' is deprecated and will be removed in a future release. Please use a CHARACTER SET clause with _bin collation instead
22:54:42,787 (main) WARN  [DataNucleus.Datastore] - SQL Warning : 'BINARY as attribute of a type' is deprecated and will be removed in a future release. Please use a CHARACTER SET clause with _bin collation instead
22:54:42,787 (main) WARN  [DataNucleus.Datastore] - SQL Warning : 'BINARY as attribute of a type' is deprecated and will be removed in a future release. Please use a CHARACTER SET clause with _bin collation instead
22:54:42,811 (main) WARN  [DataNucleus.Datastore] - SQL Warning : 'BINARY as attribute of a type' is deprecated and will be removed in a future release. Please use a CHARACTER SET clause with _bin collation instead
22:54:42,812 (main) WARN  [DataNucleus.Datastore] - SQL Warning : 'BINARY as attribute of a type' is deprecated and will be removed in a future release. Please use a CHARACTER SET clause with _bin collation instead
22:54:42,812 (main) WARN  [DataNucleus.Datastore] - SQL Warning : 'BINARY as attribute of a type' is deprecated and will be removed in a future release. Please use a CHARACTER SET clause with _bin collation instead
22:54:42,835 (main) WARN  [DataNucleus.Datastore] - SQL Warning : 'BINARY as attribute of a type' is deprecated and will be removed in a future release. Please use a CHARACTER SET clause with _bin collation instead
22:54:42,835 (main) WARN  [DataNucleus.Datastore] - SQL Warning : 'BINARY as attribute of a type' is deprecated and will be removed in a future release. Please use a CHARACTER SET clause with _bin collation instead
22:54:42,835 (main) WARN  [DataNucleus.Datastore] - SQL Warning : 'BINARY as attribute of a type' is deprecated and will be removed in a future release. Please use a CHARACTER SET clause with _bin collation instead
22:54:42,857 (main) WARN  [DataNucleus.Datastore] - SQL Warning : 'BINARY as attribute of a type' is deprecated and will be removed in a future release. Please use a CHARACTER SET clause with _bin collation instead
22:54:43,598 (main) WARN  [DataNucleus.MetaData] - Error en el analizo del archivo "file:/C:/Users/Maria/Desktop/Strava/Software_strava/Strava_Server_v1/resources/META-INF/persistence.xml" a la linea 5, columna 23 : cvc-elt.1.a: No se ha encontrado la declaración del elemento 'persistence'. - Por favor compruebe el DTD y la validad de este MetaData.
22:55:32,043 (main) WARN  [DataNucleus.Datastore] - SQL Warning : 'BINARY as attribute of a type' is deprecated and will be removed in a future release. Please use a CHARACTER SET clause with _bin collation instead
22:55:32,043 (main) WARN  [DataNucleus.Datastore] - SQL Warning : 'BINARY as attribute of a type' is deprecated and will be removed in a future release. Please use a CHARACTER SET clause with _bin collation instead
22:55:32,043 (main) WARN  [DataNucleus.Datastore] - SQL Warning : 'BINARY as attribute of a type' is deprecated and will be removed in a future release. Please use a CHARACTER SET clause with _bin collation instead
22:55:32,073 (main) WARN  [DataNucleus.Datastore] - SQL Warning : 'BINARY as attribute of a type' is deprecated and will be removed in a future release. Please use a CHARACTER SET clause with _bin collation instead
22:55:32,073 (main) WARN  [DataNucleus.Datastore] - SQL Warning : 'BINARY as attribute of a type' is deprecated and will be removed in a future release. Please use a CHARACTER SET clause with _bin collation instead
22:55:32,073 (main) WARN  [DataNucleus.Datastore] - SQL Warning : 'BINARY as attribute of a type' is deprecated and will be removed in a future release. Please use a CHARACTER SET clause with _bin collation instead
22:55:32,098 (main) WARN  [DataNucleus.Datastore] - SQL Warning : 'BINARY as attribute of a type' is deprecated and will be removed in a future release. Please use a CHARACTER SET clause with _bin collation instead
22:55:32,098 (main) WARN  [DataNucleus.Datastore] - SQL Warning : 'BINARY as attribute of a type' is deprecated and will be removed in a future release. Please use a CHARACTER SET clause with _bin collation instead
22:55:32,098 (main) WARN  [DataNucleus.Datastore] - SQL Warning : 'BINARY as attribute of a type' is deprecated and will be removed in a future release. Please use a CHARACTER SET clause with _bin collation instead
22:55:32,123 (main) WARN  [DataNucleus.Datastore] - SQL Warning : 'BINARY as attribute of a type' is deprecated and will be removed in a future release. Please use a CHARACTER SET clause with _bin collation instead
22:55:32,780 (main) WARN  [DataNucleus.MetaData] - Error en el analizo del archivo "file:/C:/Users/Maria/Desktop/Strava/Software_strava/Strava_Server_v1/resources/META-INF/persistence.xml" a la linea 5, columna 23 : cvc-elt.1.a: No se ha encontrado la declaración del elemento 'persistence'. - Por favor compruebe el DTD y la validad de este MetaData.
18:44:53,264 (main) ERROR [DataNucleus.Datastore.Schema] - La inicialización del base de datos ha fallado.
Access denied for user 'auctions_user'@'localhost' (using password: YES)
org.datanucleus.exceptions.NucleusDataStoreException: Access denied for user 'auctions_user'@'localhost' (using password: YES)
	at org.datanucleus.store.rdbms.ConnectionFactoryImpl$ManagedConnectionImpl.getConnection(ConnectionFactoryImpl.java:513)
	at org.datanucleus.store.rdbms.RDBMSStoreManager.<init>(RDBMSStoreManager.java:285)
	at java.base/jdk.internal.reflect.NativeConstructorAccessorImpl.newInstance0(Native Method)
	at java.base/jdk.internal.reflect.NativeConstructorAccessorImpl.newInstance(NativeConstructorAccessorImpl.java:77)
	at java.base/jdk.internal.reflect.DelegatingConstructorAccessorImpl.newInstance(DelegatingConstructorAccessorImpl.java:45)
	at java.base/java.lang.reflect.Constructor.newInstanceWithCaller(Constructor.java:499)
	at java.base/java.lang.reflect.Constructor.newInstance(Constructor.java:480)
	at org.datanucleus.util.ClassUtils.newInstance(ClassUtils.java:81)
	at org.datanucleus.plugin.NonManagedPluginRegistry.createExecutableExtension(NonManagedPluginRegistry.java:592)
	at org.datanucleus.plugin.PluginManager.createExecutableExtension(PluginManager.java:296)
	at org.datanucleus.store.StoreManagerHelper.createStoreManagerForProperties(StoreManagerHelper.java:77)
	at org.datanucleus.PersistenceNucleusContextImpl.initialise(PersistenceNucleusContextImpl.java:424)
	at org.datanucleus.store.schema.SchemaTool.getNucleusContextForMode(SchemaTool.java:740)
	at org.datanucleus.store.schema.SchemaTool.main(SchemaTool.java:295)
Caused by: java.sql.SQLException: Access denied for user 'auctions_user'@'localhost' (using password: YES)
	at com.mysql.cj.jdbc.exceptions.SQLError.createSQLException(SQLError.java:130)
	at com.mysql.cj.jdbc.exceptions.SQLExceptionsMapping.translateException(SQLExceptionsMapping.java:122)
	at com.mysql.cj.jdbc.ConnectionImpl.createNewIO(ConnectionImpl.java:819)
	at com.mysql.cj.jdbc.ConnectionImpl.<init>(ConnectionImpl.java:440)
	at com.mysql.cj.jdbc.ConnectionImpl.getInstance(ConnectionImpl.java:239)
	at com.mysql.cj.jdbc.NonRegisteringDriver.connect(NonRegisteringDriver.java:188)
	at java.sql/java.sql.DriverManager.getConnection(DriverManager.java:681)
	at java.sql/java.sql.DriverManager.getConnection(DriverManager.java:190)
	at org.datanucleus.store.rdbms.datasource.dbcp2.DriverManagerConnectionFactory.createConnection(DriverManagerConnectionFactory.java:123)
	at org.datanucleus.store.rdbms.datasource.dbcp2.PoolableConnectionFactory.makeObject(PoolableConnectionFactory.java:353)
	at org.datanucleus.store.rdbms.datasource.dbcp2.pool2.impl.GenericObjectPool.create(GenericObjectPool.java:899)
	at org.datanucleus.store.rdbms.datasource.dbcp2.pool2.impl.GenericObjectPool.borrowObject(GenericObjectPool.java:429)
	at org.datanucleus.store.rdbms.datasource.dbcp2.pool2.impl.GenericObjectPool.borrowObject(GenericObjectPool.java:354)
	at org.datanucleus.store.rdbms.datasource.dbcp2.PoolingDataSource.getConnection(PoolingDataSource.java:132)
	at org.datanucleus.store.rdbms.ConnectionFactoryImpl$ManagedConnectionImpl.getConnection(ConnectionFactoryImpl.java:496)
	... 13 more
Nested Throwables StackTrace:
java.sql.SQLException: Access denied for user 'auctions_user'@'localhost' (using password: YES)
	at com.mysql.cj.jdbc.exceptions.SQLError.createSQLException(SQLError.java:130)
	at com.mysql.cj.jdbc.exceptions.SQLExceptionsMapping.translateException(SQLExceptionsMapping.java:122)
	at com.mysql.cj.jdbc.ConnectionImpl.createNewIO(ConnectionImpl.java:819)
	at com.mysql.cj.jdbc.ConnectionImpl.<init>(ConnectionImpl.java:440)
	at com.mysql.cj.jdbc.ConnectionImpl.getInstance(ConnectionImpl.java:239)
	at com.mysql.cj.jdbc.NonRegisteringDriver.connect(NonRegisteringDriver.java:188)
	at java.sql/java.sql.DriverManager.getConnection(DriverManager.java:681)
	at java.sql/java.sql.DriverManager.getConnection(DriverManager.java:190)
	at org.datanucleus.store.rdbms.datasource.dbcp2.DriverManagerConnectionFactory.createConnection(DriverManagerConnectionFactory.java:123)
	at org.datanucleus.store.rdbms.datasource.dbcp2.PoolableConnectionFactory.makeObject(PoolableConnectionFactory.java:353)
	at org.datanucleus.store.rdbms.datasource.dbcp2.pool2.impl.GenericObjectPool.create(GenericObjectPool.java:899)
	at org.datanucleus.store.rdbms.datasource.dbcp2.pool2.impl.GenericObjectPool.borrowObject(GenericObjectPool.java:429)
	at org.datanucleus.store.rdbms.datasource.dbcp2.pool2.impl.GenericObjectPool.borrowObject(GenericObjectPool.java:354)
	at org.datanucleus.store.rdbms.datasource.dbcp2.PoolingDataSource.getConnection(PoolingDataSource.java:132)
	at org.datanucleus.store.rdbms.ConnectionFactoryImpl$ManagedConnectionImpl.getConnection(ConnectionFactoryImpl.java:496)
	at org.datanucleus.store.rdbms.RDBMSStoreManager.<init>(RDBMSStoreManager.java:285)
	at java.base/jdk.internal.reflect.NativeConstructorAccessorImpl.newInstance0(Native Method)
	at java.base/jdk.internal.reflect.NativeConstructorAccessorImpl.newInstance(NativeConstructorAccessorImpl.java:77)
	at java.base/jdk.internal.reflect.DelegatingConstructorAccessorImpl.newInstance(DelegatingConstructorAccessorImpl.java:45)
	at java.base/java.lang.reflect.Constructor.newInstanceWithCaller(Constructor.java:499)
	at java.base/java.lang.reflect.Constructor.newInstance(Constructor.java:480)
	at org.datanucleus.util.ClassUtils.newInstance(ClassUtils.java:81)
	at org.datanucleus.plugin.NonManagedPluginRegistry.createExecutableExtension(NonManagedPluginRegistry.java:592)
	at org.datanucleus.plugin.PluginManager.createExecutableExtension(PluginManager.java:296)
	at org.datanucleus.store.StoreManagerHelper.createStoreManagerForProperties(StoreManagerHelper.java:77)
	at org.datanucleus.PersistenceNucleusContextImpl.initialise(PersistenceNucleusContextImpl.java:424)
	at org.datanucleus.store.schema.SchemaTool.getNucleusContextForMode(SchemaTool.java:740)
	at org.datanucleus.store.schema.SchemaTool.main(SchemaTool.java:295)
18:44:53,276 (main) ERROR [DataNucleus.Datastore] - Exception thrown creating StoreManager : Access denied for user 'auctions_user'@'localhost' (using password: YES)
18:44:53,276 (main) ERROR [DataNucleus.SchemaTool] - Error creating NucleusContext
Access denied for user 'auctions_user'@'localhost' (using password: YES)
org.datanucleus.exceptions.NucleusException: Access denied for user 'auctions_user'@'localhost' (using password: YES)
	at org.datanucleus.store.StoreManagerHelper.createStoreManagerForProperties(StoreManagerHelper.java:98)
	at org.datanucleus.PersistenceNucleusContextImpl.initialise(PersistenceNucleusContextImpl.java:424)
	at org.datanucleus.store.schema.SchemaTool.getNucleusContextForMode(SchemaTool.java:740)
	at org.datanucleus.store.schema.SchemaTool.main(SchemaTool.java:295)
Caused by: org.datanucleus.exceptions.NucleusDataStoreException: Access denied for user 'auctions_user'@'localhost' (using password: YES)
	at org.datanucleus.store.rdbms.ConnectionFactoryImpl$ManagedConnectionImpl.getConnection(ConnectionFactoryImpl.java:513)
	at org.datanucleus.store.rdbms.RDBMSStoreManager.<init>(RDBMSStoreManager.java:285)
	at java.base/jdk.internal.reflect.NativeConstructorAccessorImpl.newInstance0(Native Method)
	at java.base/jdk.internal.reflect.NativeConstructorAccessorImpl.newInstance(NativeConstructorAccessorImpl.java:77)
	at java.base/jdk.internal.reflect.DelegatingConstructorAccessorImpl.newInstance(DelegatingConstructorAccessorImpl.java:45)
	at java.base/java.lang.reflect.Constructor.newInstanceWithCaller(Constructor.java:499)
	at java.base/java.lang.reflect.Constructor.newInstance(Constructor.java:480)
	at org.datanucleus.util.ClassUtils.newInstance(ClassUtils.java:81)
	at org.datanucleus.plugin.NonManagedPluginRegistry.createExecutableExtension(NonManagedPluginRegistry.java:592)
	at org.datanucleus.plugin.PluginManager.createExecutableExtension(PluginManager.java:296)
	at org.datanucleus.store.StoreManagerHelper.createStoreManagerForProperties(StoreManagerHelper.java:77)
	... 3 more
Caused by: java.sql.SQLException: Access denied for user 'auctions_user'@'localhost' (using password: YES)
	at com.mysql.cj.jdbc.exceptions.SQLError.createSQLException(SQLError.java:130)
	at com.mysql.cj.jdbc.exceptions.SQLExceptionsMapping.translateException(SQLExceptionsMapping.java:122)
	at com.mysql.cj.jdbc.ConnectionImpl.createNewIO(ConnectionImpl.java:819)
	at com.mysql.cj.jdbc.ConnectionImpl.<init>(ConnectionImpl.java:440)
	at com.mysql.cj.jdbc.ConnectionImpl.getInstance(ConnectionImpl.java:239)
	at com.mysql.cj.jdbc.NonRegisteringDriver.connect(NonRegisteringDriver.java:188)
	at java.sql/java.sql.DriverManager.getConnection(DriverManager.java:681)
	at java.sql/java.sql.DriverManager.getConnection(DriverManager.java:190)
	at org.datanucleus.store.rdbms.datasource.dbcp2.DriverManagerConnectionFactory.createConnection(DriverManagerConnectionFactory.java:123)
	at org.datanucleus.store.rdbms.datasource.dbcp2.PoolableConnectionFactory.makeObject(PoolableConnectionFactory.java:353)
	at org.datanucleus.store.rdbms.datasource.dbcp2.pool2.impl.GenericObjectPool.create(GenericObjectPool.java:899)
	at org.datanucleus.store.rdbms.datasource.dbcp2.pool2.impl.GenericObjectPool.borrowObject(GenericObjectPool.java:429)
	at org.datanucleus.store.rdbms.datasource.dbcp2.pool2.impl.GenericObjectPool.borrowObject(GenericObjectPool.java:354)
	at org.datanucleus.store.rdbms.datasource.dbcp2.PoolingDataSource.getConnection(PoolingDataSource.java:132)
	at org.datanucleus.store.rdbms.ConnectionFactoryImpl$ManagedConnectionImpl.getConnection(ConnectionFactoryImpl.java:496)
	... 13 more
Nested Throwables StackTrace:
Access denied for user 'auctions_user'@'localhost' (using password: YES)
org.datanucleus.exceptions.NucleusDataStoreException: Access denied for user 'auctions_user'@'localhost' (using password: YES)
	at org.datanucleus.store.rdbms.ConnectionFactoryImpl$ManagedConnectionImpl.getConnection(ConnectionFactoryImpl.java:513)
	at org.datanucleus.store.rdbms.RDBMSStoreManager.<init>(RDBMSStoreManager.java:285)
	at java.base/jdk.internal.reflect.NativeConstructorAccessorImpl.newInstance0(Native Method)
	at java.base/jdk.internal.reflect.NativeConstructorAccessorImpl.newInstance(NativeConstructorAccessorImpl.java:77)
	at java.base/jdk.internal.reflect.DelegatingConstructorAccessorImpl.newInstance(DelegatingConstructorAccessorImpl.java:45)
	at java.base/java.lang.reflect.Constructor.newInstanceWithCaller(Constructor.java:499)
	at java.base/java.lang.reflect.Constructor.newInstance(Constructor.java:480)
	at org.datanucleus.util.ClassUtils.newInstance(ClassUtils.java:81)
	at org.datanucleus.plugin.NonManagedPluginRegistry.createExecutableExtension(NonManagedPluginRegistry.java:592)
	at org.datanucleus.plugin.PluginManager.createExecutableExtension(PluginManager.java:296)
	at org.datanucleus.store.StoreManagerHelper.createStoreManagerForProperties(StoreManagerHelper.java:77)
	at org.datanucleus.PersistenceNucleusContextImpl.initialise(PersistenceNucleusContextImpl.java:424)
	at org.datanucleus.store.schema.SchemaTool.getNucleusContextForMode(SchemaTool.java:740)
	at org.datanucleus.store.schema.SchemaTool.main(SchemaTool.java:295)
Caused by: java.sql.SQLException: Access denied for user 'auctions_user'@'localhost' (using password: YES)
	at com.mysql.cj.jdbc.exceptions.SQLError.createSQLException(SQLError.java:130)
	at com.mysql.cj.jdbc.exceptions.SQLExceptionsMapping.translateException(SQLExceptionsMapping.java:122)
	at com.mysql.cj.jdbc.ConnectionImpl.createNewIO(ConnectionImpl.java:819)
	at com.mysql.cj.jdbc.ConnectionImpl.<init>(ConnectionImpl.java:440)
	at com.mysql.cj.jdbc.ConnectionImpl.getInstance(ConnectionImpl.java:239)
	at com.mysql.cj.jdbc.NonRegisteringDriver.connect(NonRegisteringDriver.java:188)
	at java.sql/java.sql.DriverManager.getConnection(DriverManager.java:681)
	at java.sql/java.sql.DriverManager.getConnection(DriverManager.java:190)
	at org.datanucleus.store.rdbms.datasource.dbcp2.DriverManagerConnectionFactory.createConnection(DriverManagerConnectionFactory.java:123)
	at org.datanucleus.store.rdbms.datasource.dbcp2.PoolableConnectionFactory.makeObject(PoolableConnectionFactory.java:353)
	at org.datanucleus.store.rdbms.datasource.dbcp2.pool2.impl.GenericObjectPool.create(GenericObjectPool.java:899)
	at org.datanucleus.store.rdbms.datasource.dbcp2.pool2.impl.GenericObjectPool.borrowObject(GenericObjectPool.java:429)
	at org.datanucleus.store.rdbms.datasource.dbcp2.pool2.impl.GenericObjectPool.borrowObject(GenericObjectPool.java:354)
	at org.datanucleus.store.rdbms.datasource.dbcp2.PoolingDataSource.getConnection(PoolingDataSource.java:132)
	at org.datanucleus.store.rdbms.ConnectionFactoryImpl$ManagedConnectionImpl.getConnection(ConnectionFactoryImpl.java:496)
	... 13 more
Nested Throwables StackTrace:
java.sql.SQLException: Access denied for user 'auctions_user'@'localhost' (using password: YES)
	at com.mysql.cj.jdbc.exceptions.SQLError.createSQLException(SQLError.java:130)
	at com.mysql.cj.jdbc.exceptions.SQLExceptionsMapping.translateException(SQLExceptionsMapping.java:122)
	at com.mysql.cj.jdbc.ConnectionImpl.createNewIO(ConnectionImpl.java:819)
	at com.mysql.cj.jdbc.ConnectionImpl.<init>(ConnectionImpl.java:440)
	at com.mysql.cj.jdbc.ConnectionImpl.getInstance(ConnectionImpl.java:239)
	at com.mysql.cj.jdbc.NonRegisteringDriver.connect(NonRegisteringDriver.java:188)
	at java.sql/java.sql.DriverManager.getConnection(DriverManager.java:681)
	at java.sql/java.sql.DriverManager.getConnection(DriverManager.java:190)
	at org.datanucleus.store.rdbms.datasource.dbcp2.DriverManagerConnectionFactory.createConnection(DriverManagerConnectionFactory.java:123)
	at org.datanucleus.store.rdbms.datasource.dbcp2.PoolableConnectionFactory.makeObject(PoolableConnectionFactory.java:353)
	at org.datanucleus.store.rdbms.datasource.dbcp2.pool2.impl.GenericObjectPool.create(GenericObjectPool.java:899)
	at org.datanucleus.store.rdbms.datasource.dbcp2.pool2.impl.GenericObjectPool.borrowObject(GenericObjectPool.java:429)
	at org.datanucleus.store.rdbms.datasource.dbcp2.pool2.impl.GenericObjectPool.borrowObject(GenericObjectPool.java:354)
	at org.datanucleus.store.rdbms.datasource.dbcp2.PoolingDataSource.getConnection(PoolingDataSource.java:132)
	at org.datanucleus.store.rdbms.ConnectionFactoryImpl$ManagedConnectionImpl.getConnection(ConnectionFactoryImpl.java:496)
	at org.datanucleus.store.rdbms.RDBMSStoreManager.<init>(RDBMSStoreManager.java:285)
	at java.base/jdk.internal.reflect.NativeConstructorAccessorImpl.newInstance0(Native Method)
	at java.base/jdk.internal.reflect.NativeConstructorAccessorImpl.newInstance(NativeConstructorAccessorImpl.java:77)
	at java.base/jdk.internal.reflect.DelegatingConstructorAccessorImpl.newInstance(DelegatingConstructorAccessorImpl.java:45)
	at java.base/java.lang.reflect.Constructor.newInstanceWithCaller(Constructor.java:499)
	at java.base/java.lang.reflect.Constructor.newInstance(Constructor.java:480)
	at org.datanucleus.util.ClassUtils.newInstance(ClassUtils.java:81)
	at org.datanucleus.plugin.NonManagedPluginRegistry.createExecutableExtension(NonManagedPluginRegistry.java:592)
	at org.datanucleus.plugin.PluginManager.createExecutableExtension(PluginManager.java:296)
	at org.datanucleus.store.StoreManagerHelper.createStoreManagerForProperties(StoreManagerHelper.java:77)
	at org.datanucleus.PersistenceNucleusContextImpl.initialise(PersistenceNucleusContextImpl.java:424)
	at org.datanucleus.store.schema.SchemaTool.getNucleusContextForMode(SchemaTool.java:740)
	at org.datanucleus.store.schema.SchemaTool.main(SchemaTool.java:295)
19:12:59,026 (main) WARN  [DataNucleus.Datastore] - SQL Warning : 'BINARY as attribute of a type' is deprecated and will be removed in a future release. Please use a CHARACTER SET clause with _bin collation instead
19:12:59,027 (main) WARN  [DataNucleus.Datastore] - SQL Warning : 'BINARY as attribute of a type' is deprecated and will be removed in a future release. Please use a CHARACTER SET clause with _bin collation instead
19:12:59,028 (main) WARN  [DataNucleus.Datastore] - SQL Warning : 'BINARY as attribute of a type' is deprecated and will be removed in a future release. Please use a CHARACTER SET clause with _bin collation instead
19:12:59,100 (main) WARN  [DataNucleus.Datastore] - SQL Warning : 'BINARY as attribute of a type' is deprecated and will be removed in a future release. Please use a CHARACTER SET clause with _bin collation instead
19:12:59,100 (main) WARN  [DataNucleus.Datastore] - SQL Warning : 'BINARY as attribute of a type' is deprecated and will be removed in a future release. Please use a CHARACTER SET clause with _bin collation instead
19:12:59,101 (main) WARN  [DataNucleus.Datastore] - SQL Warning : 'BINARY as attribute of a type' is deprecated and will be removed in a future release. Please use a CHARACTER SET clause with _bin collation instead
19:12:59,135 (main) WARN  [DataNucleus.Datastore] - SQL Warning : 'BINARY as attribute of a type' is deprecated and will be removed in a future release. Please use a CHARACTER SET clause with _bin collation instead
19:12:59,136 (main) WARN  [DataNucleus.Datastore] - SQL Warning : 'BINARY as attribute of a type' is deprecated and will be removed in a future release. Please use a CHARACTER SET clause with _bin collation instead
19:12:59,136 (main) WARN  [DataNucleus.Datastore] - SQL Warning : 'BINARY as attribute of a type' is deprecated and will be removed in a future release. Please use a CHARACTER SET clause with _bin collation instead
19:12:59,165 (main) WARN  [DataNucleus.Datastore] - SQL Warning : 'BINARY as attribute of a type' is deprecated and will be removed in a future release. Please use a CHARACTER SET clause with _bin collation instead
19:13:00,352 (main) WARN  [DataNucleus.MetaData] - Error en el analizo del archivo "file:/C:/Users/mbola/OneDrive/Escritorio/Strava/Software_strava/Strava_Server_v1/resources/META-INF/persistence.xml" a la linea 5, columna 23 : cvc-elt.1.a: No se ha encontrado la declaración del elemento 'persistence'. - Por favor compruebe el DTD y la validad de este MetaData.
19:13:41,880 (main) WARN  [DataNucleus.Datastore] - SQL Warning : 'BINARY as attribute of a type' is deprecated and will be removed in a future release. Please use a CHARACTER SET clause with _bin collation instead
19:13:41,880 (main) WARN  [DataNucleus.Datastore] - SQL Warning : 'BINARY as attribute of a type' is deprecated and will be removed in a future release. Please use a CHARACTER SET clause with _bin collation instead
19:13:41,881 (main) WARN  [DataNucleus.Datastore] - SQL Warning : 'BINARY as attribute of a type' is deprecated and will be removed in a future release. Please use a CHARACTER SET clause with _bin collation instead
19:13:41,915 (main) WARN  [DataNucleus.Datastore] - SQL Warning : 'BINARY as attribute of a type' is deprecated and will be removed in a future release. Please use a CHARACTER SET clause with _bin collation instead
19:13:41,915 (main) WARN  [DataNucleus.Datastore] - SQL Warning : 'BINARY as attribute of a type' is deprecated and will be removed in a future release. Please use a CHARACTER SET clause with _bin collation instead
19:13:41,915 (main) WARN  [DataNucleus.Datastore] - SQL Warning : 'BINARY as attribute of a type' is deprecated and will be removed in a future release. Please use a CHARACTER SET clause with _bin collation instead
19:13:41,942 (main) WARN  [DataNucleus.Datastore] - SQL Warning : 'BINARY as attribute of a type' is deprecated and will be removed in a future release. Please use a CHARACTER SET clause with _bin collation instead
19:13:41,943 (main) WARN  [DataNucleus.Datastore] - SQL Warning : 'BINARY as attribute of a type' is deprecated and will be removed in a future release. Please use a CHARACTER SET clause with _bin collation instead
19:13:41,943 (main) WARN  [DataNucleus.Datastore] - SQL Warning : 'BINARY as attribute of a type' is deprecated and will be removed in a future release. Please use a CHARACTER SET clause with _bin collation instead
19:13:41,964 (main) WARN  [DataNucleus.Datastore] - SQL Warning : 'BINARY as attribute of a type' is deprecated and will be removed in a future release. Please use a CHARACTER SET clause with _bin collation instead
19:13:43,159 (main) WARN  [DataNucleus.MetaData] - Error en el analizo del archivo "file:/C:/Users/mbola/OneDrive/Escritorio/Strava/Software_strava/Strava_Server_v1/resources/META-INF/persistence.xml" a la linea 5, columna 23 : cvc-elt.1.a: No se ha encontrado la declaración del elemento 'persistence'. - Por favor compruebe el DTD y la validad de este MetaData.
